#
# There is insufficient memory for the Java Runtime Environment to continue.
# Native memory allocation (malloc) failed to allocate 1048576 bytes. Error detail: AllocateHeap
# Possible reasons:
#   The system is out of physical RAM or swap space
#   This process is running with CompressedOops enabled, and the Java Heap may be blocking the growth of the native heap
# Possible solutions:
#   Reduce memory load on the system
#   Increase physical memory or swap space
#   Check if swap backing store is full
#   Decrease Java heap size (-Xmx/-Xms)
#   Decrease number of Java threads
#   Decrease Java thread stack sizes (-Xss)
#   Set larger code cache with -XX:ReservedCodeCacheSize=
#   JVM is running with Unscaled Compressed Oops mode in which the Java heap is
#     placed in the first 4GB address space. The Java Heap base address is the
#     maximum limit for the native heap growth. Please use -XX:HeapBaseMinAddress
#     to set the Java Heap base and to place the Java Heap above 4GB virtual address.
# This output file may be truncated or incomplete.
#
#  Out of Memory Error (allocation.cpp:44), pid=34100, tid=30860
#
# JRE version: OpenJDK Runtime Environment Temurin-21.0.9+10 (21.0.9+10) (build 21.0.9+10-LTS)
# Java VM: OpenJDK 64-Bit Server VM Temurin-21.0.9+10 (21.0.9+10-LTS, mixed mode, sharing, tiered, compressed oops, compressed class ptrs, parallel gc, windows-amd64)
# No core dump will be written. Minidumps are not enabled by default on client versions of Windows
#

---------------  S U M M A R Y ------------

Command Line: --add-modules=ALL-SYSTEM --add-opens=java.base/java.util=ALL-UNNAMED --add-opens=java.base/java.lang=ALL-UNNAMED --add-opens=java.base/sun.nio.fs=ALL-UNNAMED -Declipse.application=org.eclipse.jdt.ls.core.id1 -Dosgi.bundles.defaultStartLevel=4 -Declipse.product=org.eclipse.jdt.ls.core.product -Djava.import.generatesMetadataFilesAtProjectRoot=false -DDetectVMInstallationsJob.disabled=true -Dfile.encoding=utf8 -XX:+UseParallelGC -XX:GCTimeRatio=4 -XX:AdaptiveSizePolicyWeight=90 -Dsun.zip.disableMemoryMapping=true -Xmx2G -Xms100m -Xlog:disable -javaagent:c:\Users\FRESHIVORES\.antigravity\extensions\redhat.java-1.50.0-win32-x64\lombok\lombok-1.18.39-4050.jar -XX:+HeapDumpOnOutOfMemoryError -XX:HeapDumpPath=c:\Users\FRESHIVORES\AppData\Roaming\Antigravity\User\workspaceStorage\99ea1349c0294e34c35d1757be59e1f5\redhat.java -Daether.dependencyCollector.impl=bf c:\Users\FRESHIVORES\.antigravity\extensions\redhat.java-1.50.0-win32-x64\server\plugins\org.eclipse.equinox.launcher_1.7.100.v20251111-0406.jar -configuration c:\Users\FRESHIVORES\AppData\Roaming\Antigravity\User\globalStorage\redhat.java\1.50.0\config_win -data c:\Users\FRESHIVORES\AppData\Roaming\Antigravity\User\workspaceStorage\99ea1349c0294e34c35d1757be59e1f5\redhat.java\jdt_ws --pipe=\\.\pipe\lsp-8e31962871b12d6422bddd4bc411a1e1-sock

Host: Intel(R) Core(TM) i5-8365U CPU @ 1.60GHz, 8 cores, 15G,  Windows 11 , 64 bit Build 26100 (10.0.26100.7309)
Time: Mon Dec 15 17:45:39 2025 India Standard Time elapsed time: 424.474272 seconds (0d 0h 7m 4s)

---------------  T H R E A D  ---------------

Current thread (0x0000023a1875b3a0):  JavaThread "Attach Listener" daemon [_thread_in_vm, id=30860, stack(0x0000004be5100000,0x0000004be5200000) (1024K)]

Stack: [0x0000004be5100000,0x0000004be5200000]
Native frames: (J=compiled Java code, j=interpreted, Vv=VM code, C=native code)
V  [jvm.dll+0x6d6e29]
V  [jvm.dll+0x8b4b76]
V  [jvm.dll+0x8b712e]
V  [jvm.dll+0x8b7813]
V  [jvm.dll+0x283d86]
V  [jvm.dll+0xc1277]
V  [jvm.dll+0x6d76d9]
V  [jvm.dll+0x133466]
V  [jvm.dll+0x3f7ea6]
V  [jvm.dll+0x85e9ad]
V  [jvm.dll+0x6d565d]
C  [ucrtbase.dll+0x37b0]
C  [KERNEL32.DLL+0x2e8d7]
C  [ntdll.dll+0x8c53c]


---------------  P R O C E S S  ---------------

Threads class SMR info:
_java_thread_list=0x0000023a794b93a0, length=56, elements={
0x0000023a16456f10, 0x0000023a18754470, 0x0000023a18755d30, 0x0000023a1875a950,
0x0000023a1875b3a0, 0x0000023a1875e7f0, 0x0000023a1875f490, 0x0000023a187656c0,
0x0000023a1876a890, 0x0000023a71cd16d0, 0x0000023a760d6d80, 0x0000023a76858620,
0x0000023a76493ca0, 0x0000023a7627b100, 0x0000023a764b52b0, 0x0000023a76f5fcb0,
0x0000023a71ea0b60, 0x0000023a76dbc820, 0x0000023a77093110, 0x0000023a770937a0,
0x0000023a77093e30, 0x0000023a770944c0, 0x0000023a77094b50, 0x0000023a77092a80,
0x0000023a770923f0, 0x0000023a770916d0, 0x0000023a77091d60, 0x0000023a782cd3e0,
0x0000023a782cb9a0, 0x0000023a782cda70, 0x0000023a782ce100, 0x0000023a782ce790,
0x0000023a782cee20, 0x0000023a782cf4b0, 0x0000023a782ccd50, 0x0000023a782cc030,
0x0000023a782cfb40, 0x0000023a782cc6c0, 0x0000023a782d22a0, 0x0000023a782d0ef0,
0x0000023a782d2930, 0x0000023a79e6b7f0, 0x0000023a79e6cba0, 0x0000023a79e6b160,
0x0000023a79e6d230, 0x0000023a79e69db0, 0x0000023a79e6df50, 0x0000023a79e70d40,
0x0000023a76073590, 0x0000023a76075660, 0x0000023a76075cf0, 0x0000023a760742b0,
0x0000023a7b67b650, 0x0000023a7a9163b0, 0x0000023a7a918480, 0x0000023a7a916a40
}

Java Threads: ( => current thread )
  0x0000023a16456f10 JavaThread "main"                              [_thread_blocked, id=26364, stack(0x0000004be4a00000,0x0000004be4b00000) (1024K)]
  0x0000023a18754470 JavaThread "Reference Handler"          daemon [_thread_blocked, id=7048, stack(0x0000004be4e00000,0x0000004be4f00000) (1024K)]
  0x0000023a18755d30 JavaThread "Finalizer"                  daemon [_thread_blocked, id=25348, stack(0x0000004be4f00000,0x0000004be5000000) (1024K)]
  0x0000023a1875a950 JavaThread "Signal Dispatcher"          daemon [_thread_blocked, id=28588, stack(0x0000004be5000000,0x0000004be5100000) (1024K)]
=>0x0000023a1875b3a0 JavaThread "Attach Listener"            daemon [_thread_in_vm, id=30860, stack(0x0000004be5100000,0x0000004be5200000) (1024K)]
  0x0000023a1875e7f0 JavaThread "Service Thread"             daemon [_thread_blocked, id=10380, stack(0x0000004be5200000,0x0000004be5300000) (1024K)]
  0x0000023a1875f490 JavaThread "Monitor Deflation Thread"   daemon [_thread_blocked, id=34568, stack(0x0000004be5300000,0x0000004be5400000) (1024K)]
  0x0000023a187656c0 JavaThread "C2 CompilerThread0"         daemon [_thread_blocked, id=26444, stack(0x0000004be5400000,0x0000004be5500000) (1024K)]
  0x0000023a1876a890 JavaThread "C1 CompilerThread0"         daemon [_thread_blocked, id=34740, stack(0x0000004be5500000,0x0000004be5600000) (1024K)]
  0x0000023a71cd16d0 JavaThread "Common-Cleaner"             daemon [_thread_blocked, id=13632, stack(0x0000004be5700000,0x0000004be5800000) (1024K)]
  0x0000023a760d6d80 JavaThread "Notification Thread"        daemon [_thread_blocked, id=23896, stack(0x0000004be5800000,0x0000004be5900000) (1024K)]
  0x0000023a76858620 JavaThread "Active Thread: Equinox Container: cb2c616d-0fb0-4d3b-86b7-1e85789135c3"        [_thread_blocked, id=34520, stack(0x0000004be6000000,0x0000004be6100000) (1024K)]
  0x0000023a76493ca0 JavaThread "Refresh Thread: Equinox Container: cb2c616d-0fb0-4d3b-86b7-1e85789135c3" daemon [_thread_blocked, id=15480, stack(0x0000004be6100000,0x0000004be6200000) (1024K)]
  0x0000023a7627b100 JavaThread "Framework Event Dispatcher: Equinox Container: cb2c616d-0fb0-4d3b-86b7-1e85789135c3" daemon [_thread_blocked, id=34316, stack(0x0000004be6300000,0x0000004be6400000) (1024K)]
  0x0000023a764b52b0 JavaThread "Start Level: Equinox Container: cb2c616d-0fb0-4d3b-86b7-1e85789135c3" daemon [_thread_blocked, id=33588, stack(0x0000004be6400000,0x0000004be6500000) (1024K)]
  0x0000023a76f5fcb0 JavaThread "Bundle File Closer"         daemon [_thread_blocked, id=34564, stack(0x0000004be6500000,0x0000004be6600000) (1024K)]
  0x0000023a71ea0b60 JavaThread "SCR Component Actor"        daemon [_thread_blocked, id=35508, stack(0x0000004be5900000,0x0000004be5a00000) (1024K)]
  0x0000023a76dbc820 JavaThread "Worker-JM"                         [_thread_blocked, id=15268, stack(0x0000004be6600000,0x0000004be6700000) (1024K)]
  0x0000023a77093110 JavaThread "JNA Cleaner"                daemon [_thread_blocked, id=8316, stack(0x0000004be6800000,0x0000004be6900000) (1024K)]
  0x0000023a770937a0 JavaThread "Worker-0"                          [_thread_blocked, id=27328, stack(0x0000004be6900000,0x0000004be6a00000) (1024K)]
  0x0000023a77093e30 JavaThread "Worker-1"                          [_thread_blocked, id=33328, stack(0x0000004be6a00000,0x0000004be6b00000) (1024K)]
  0x0000023a770944c0 JavaThread "Worker-2"                          [_thread_blocked, id=32876, stack(0x0000004be6b00000,0x0000004be6c00000) (1024K)]
  0x0000023a77094b50 JavaThread "Java indexing"              daemon [_thread_blocked, id=30408, stack(0x0000004be6c00000,0x0000004be6d00000) (1024K)]
  0x0000023a77092a80 JavaThread "Worker-3"                          [_thread_blocked, id=34168, stack(0x0000004be6d00000,0x0000004be6e00000) (1024K)]
  0x0000023a770923f0 JavaThread "Worker-4"                          [_thread_blocked, id=32588, stack(0x0000004be7100000,0x0000004be7200000) (1024K)]
  0x0000023a770916d0 JavaThread "Worker-5"                          [_thread_blocked, id=4132, stack(0x0000004be7200000,0x0000004be7300000) (1024K)]
  0x0000023a77091d60 JavaThread "Worker-6"                          [_thread_blocked, id=30184, stack(0x0000004be7300000,0x0000004be7400000) (1024K)]
  0x0000023a782cd3e0 JavaThread "Worker-7"                          [_thread_blocked, id=16608, stack(0x0000004be7400000,0x0000004be7500000) (1024K)]
  0x0000023a782cb9a0 JavaThread "Thread-1"                   daemon [_thread_in_native, id=3008, stack(0x0000004be7500000,0x0000004be7600000) (1024K)]
  0x0000023a782cda70 JavaThread "Thread-2"                   daemon [_thread_in_native, id=31544, stack(0x0000004be7600000,0x0000004be7700000) (1024K)]
  0x0000023a782ce100 JavaThread "Thread-3"                   daemon [_thread_in_native, id=28532, stack(0x0000004be7700000,0x0000004be7800000) (1024K)]
  0x0000023a782ce790 JavaThread "Thread-4"                   daemon [_thread_in_native, id=4332, stack(0x0000004be7800000,0x0000004be7900000) (1024K)]
  0x0000023a782cee20 JavaThread "Thread-5"                   daemon [_thread_in_native, id=24924, stack(0x0000004be7900000,0x0000004be7a00000) (1024K)]
  0x0000023a782cf4b0 JavaThread "Thread-6"                   daemon [_thread_in_native, id=26284, stack(0x0000004be7a00000,0x0000004be7b00000) (1024K)]
  0x0000023a782ccd50 JavaThread "Thread-7"                   daemon [_thread_in_native, id=18052, stack(0x0000004be7b00000,0x0000004be7c00000) (1024K)]
  0x0000023a782cc030 JavaThread "Thread-8"                   daemon [_thread_in_native, id=30308, stack(0x0000004be7c00000,0x0000004be7d00000) (1024K)]
  0x0000023a782cfb40 JavaThread "Thread-9"                   daemon [_thread_in_native, id=5668, stack(0x0000004be7d00000,0x0000004be7e00000) (1024K)]
  0x0000023a782cc6c0 JavaThread "pool-2-thread-1"                   [_thread_blocked, id=5932, stack(0x0000004be7e00000,0x0000004be7f00000) (1024K)]
  0x0000023a782d22a0 JavaThread "WorkspaceEventsHandler"            [_thread_blocked, id=27388, stack(0x0000004be7f00000,0x0000004be8000000) (1024K)]
  0x0000023a782d0ef0 JavaThread "pool-1-thread-1"                   [_thread_blocked, id=27312, stack(0x0000004be8000000,0x0000004be8100000) (1024K)]
  0x0000023a782d2930 JavaThread "ForkJoinPool.commonPool-worker-1" daemon [_thread_blocked, id=25992, stack(0x0000004be8100000,0x0000004be8200000) (1024K)]
  0x0000023a79e6b7f0 JavaThread "ForkJoinPool.commonPool-worker-2" daemon [_thread_blocked, id=35560, stack(0x0000004be8200000,0x0000004be8300000) (1024K)]
  0x0000023a79e6cba0 JavaThread "LocalFile Deleter"          daemon [_thread_blocked, id=31464, stack(0x0000004be8500000,0x0000004be8600000) (1024K)]
  0x0000023a79e6b160 JavaThread "LocalFile Deleter"          daemon [_thread_blocked, id=31456, stack(0x0000004be8600000,0x0000004be8700000) (1024K)]
  0x0000023a79e6d230 JavaThread "LocalFile Deleter"          daemon [_thread_blocked, id=24044, stack(0x0000004be8700000,0x0000004be8800000) (1024K)]
  0x0000023a79e69db0 JavaThread "Compiler Source File Reader" daemon [_thread_blocked, id=23916, stack(0x0000004be8800000,0x0000004be8900000) (1024K)]
  0x0000023a79e6df50 JavaThread "Compiler Source File Reader" daemon [_thread_blocked, id=25260, stack(0x0000004be8b00000,0x0000004be8c00000) (1024K)]
  0x0000023a79e70d40 JavaThread "ForkJoinPool.commonPool-worker-3" daemon [_thread_blocked, id=33936, stack(0x0000004be9100000,0x0000004be9200000) (1024K)]
  0x0000023a76073590 JavaThread "ForkJoinPool.commonPool-worker-4" daemon [_thread_blocked, id=28444, stack(0x0000004be9200000,0x0000004be9300000) (1024K)]
  0x0000023a76075660 JavaThread "ForkJoinPool.commonPool-worker-5" daemon [_thread_blocked, id=19832, stack(0x0000004be9300000,0x0000004be9400000) (1024K)]
  0x0000023a76075cf0 JavaThread "ForkJoinPool.commonPool-worker-6" daemon [_thread_blocked, id=30520, stack(0x0000004be9400000,0x0000004be9500000) (1024K)]
  0x0000023a760742b0 JavaThread "ForkJoinPool.commonPool-worker-7" daemon [_thread_blocked, id=31832, stack(0x0000004be9500000,0x0000004be9600000) (1024K)]
  0x0000023a7b67b650 JavaThread "Cleaner-0"                  daemon [_thread_blocked, id=1476, stack(0x0000004bea200000,0x0000004bea300000) (1024K)]
  0x0000023a7a9163b0 JavaThread "Compiler Source File Reader" daemon [_thread_blocked, id=2452, stack(0x0000004be4700000,0x0000004be4800000) (1024K)]
  0x0000023a7a918480 JavaThread "Compiler Processing Task"   daemon [_thread_blocked, id=35728, stack(0x0000004be5600000,0x0000004be5700000) (1024K)]
  0x0000023a7a916a40 JavaThread "Compiler Source File Reader" daemon [_thread_blocked, id=22472, stack(0x0000004be4800000,0x0000004be4900000) (1024K)]
Total: 56

Other Threads:
  0x0000023a18731db0 VMThread "VM Thread"                           [id=35564, stack(0x0000004be4d00000,0x0000004be4e00000) (1024K)] _threads_hazard_ptr=0x0000023a794b93a0
  0x0000023a188481a0 WatcherThread "VM Periodic Task Thread"        [id=35636, stack(0x0000004be4c00000,0x0000004be4d00000) (1024K)]
  0x0000023a187f7150 WorkerThread "GC Thread#0"                     [id=33100, stack(0x0000004be4b00000,0x0000004be4c00000) (1024K)]
  0x0000023a766e7630 WorkerThread "GC Thread#1"                     [id=10212, stack(0x0000004be5a00000,0x0000004be5b00000) (1024K)]
  0x0000023a765095d0 WorkerThread "GC Thread#2"                     [id=32632, stack(0x0000004be5b00000,0x0000004be5c00000) (1024K)]
  0x0000023a76062260 WorkerThread "GC Thread#3"                     [id=32900, stack(0x0000004be5c00000,0x0000004be5d00000) (1024K)]
  0x0000023a76062600 WorkerThread "GC Thread#4"                     [id=27920, stack(0x0000004be5d00000,0x0000004be5e00000) (1024K)]
  0x0000023a760629a0 WorkerThread "GC Thread#5"                     [id=13024, stack(0x0000004be5e00000,0x0000004be5f00000) (1024K)]
  0x0000023a7674a4f0 WorkerThread "GC Thread#6"                     [id=20036, stack(0x0000004be5f00000,0x0000004be6000000) (1024K)]
  0x0000023a76611aa0 WorkerThread "GC Thread#7"                     [id=26920, stack(0x0000004be6200000,0x0000004be6300000) (1024K)]
Total: 10

Threads with active compile tasks:
Total: 0

VM state: synchronizing (normal execution)

VM Mutex/Monitor currently owned by a thread:  ([mutex/lock_event])
[0x00007ff8fcb3d570] Threads_lock - owner thread: 0x0000023a18731db0
[0x00007ff8fcb3d670] Heap_lock - owner thread: 0x0000023a79e70d40

Heap address: 0x0000000080000000, size: 2048 MB, Compressed Oops mode: 32-bit

CDS archive(s) mapped at: [0x0000023a30000000-0x0000023a30ba0000-0x0000023a30ba0000), size 12189696, SharedBaseAddress: 0x0000023a30000000, ArchiveRelocationMode: 1.
Compressed class space mapped at: 0x0000023a31000000-0x0000023a71000000, reserved size: 1073741824
Narrow klass base: 0x0000023a30000000, Narrow klass shift: 0, Narrow klass range: 0x100000000

GC Precious Log:
 CardTable entry size: 512
 CPUs: 8 total, 8 available
 Memory: 16198M
 Large Page Support: Disabled
 NUMA Support: Disabled
 Compressed Oops: Enabled (32-bit)
 Alignments: Space 512K, Generation 512K, Heap 2M
 Heap Min Capacity: 100M
 Heap Initial Capacity: 100M
 Heap Max Capacity: 2G
 Pre-touch: Disabled
 Parallel Workers: 8

Heap:
 PSYoungGen      total 10240K, used 10218K [0x00000000d5580000, 0x00000000d6280000, 0x0000000100000000)
  eden space 9216K, 100% used [0x00000000d5580000,0x00000000d5e80000,0x00000000d5e80000)
  from space 1024K, 97% used [0x00000000d6180000,0x00000000d627aa58,0x00000000d6280000)
  to   space 1536K, 0% used [0x00000000d5e80000,0x00000000d5e80000,0x00000000d6000000)
 ParOldGen       total 1297408K, used 1297020K [0x0000000080000000, 0x00000000cf300000, 0x00000000d5580000)
  object space 1297408K, 99% used [0x0000000080000000,0x00000000cf29f1e8,0x00000000cf300000)
 Metaspace       used 102327K, committed 104448K, reserved 1179648K
  class space    used 10508K, committed 11520K, reserved 1048576K

Card table byte_map: [0x0000023a18180000,0x0000023a18590000] _byte_map_base: 0x0000023a17d80000

Marking Bits: (ParMarkBitMap*) 0x00007ff8fcb42460
 Begin Bits: [0x0000023a2ac90000, 0x0000023a2cc90000)
 End Bits:   [0x0000023a2cc90000, 0x0000023a2ec90000)

Polling page: 0x0000023a16410000

Metaspace:

Usage:
  Non-class:     89.67 MB used.
      Class:     10.26 MB used.
       Both:     99.93 MB used.

Virtual space:
  Non-class space:      128.00 MB reserved,      90.75 MB ( 71%) committed,  2 nodes.
      Class space:        1.00 GB reserved,      11.25 MB (  1%) committed,  1 nodes.
             Both:        1.12 GB reserved,     102.00 MB (  9%) committed. 

Chunk freelists:
   Non-Class:  4.62 MB
       Class:  4.69 MB
        Both:  9.31 MB

MaxMetaspaceSize: unlimited
CompressedClassSpaceSize: 1.00 GB
Initial GC threshold: 21.00 MB
Current GC threshold: 160.25 MB
CDS: on
 - commit_granule_bytes: 65536.
 - commit_granule_words: 8192.
 - virtual_space_node_default_size: 8388608.
 - enlarge_chunks_in_place: 1.
 - use_allocation_guard: 0.


Internal statistics:

num_allocs_failed_limit: 9.
num_arena_births: 1898.
num_arena_deaths: 26.
num_vsnodes_births: 3.
num_vsnodes_deaths: 0.
num_space_committed: 1631.
num_space_uncommitted: 0.
num_chunks_returned_to_freelist: 40.
num_chunks_taken_from_freelist: 6989.
num_chunk_merges: 16.
num_chunk_splits: 4174.
num_chunks_enlarged: 2289.
num_inconsistent_stats: 0.

CodeHeap 'non-profiled nmethods': size=120000Kb used=28152Kb max_used=28152Kb free=91847Kb
 bounds [0x0000023a234b0000, 0x0000023a25030000, 0x0000023a2a9e0000]
CodeHeap 'profiled nmethods': size=120000Kb used=56897Kb max_used=56897Kb free=63102Kb
 bounds [0x0000023a1b9e0000, 0x0000023a1f180000, 0x0000023a22f10000]
CodeHeap 'non-nmethods': size=5760Kb used=1564Kb max_used=1662Kb free=4195Kb
 bounds [0x0000023a22f10000, 0x0000023a23180000, 0x0000023a234b0000]
CodeCache: size=245760Kb, used=86613Kb, max_used=86711Kb, free=159144Kb
 total_blobs=23941, nmethods=23057, adapters=784, full_count=0
Compilation: enabled, stopped_count=0, restarted_count=0

Compilation events (20 events):
Event: 419.941 Thread 0x0000023a1876a890 28369       3       org.eclipse.jface.text.GapTextStore::allocate (4 bytes)
Event: 419.941 Thread 0x0000023a1876a890 nmethod 28369 0x0000023a1f15fa10 code [0x0000023a1f15fba0, 0x0000023a1f15fd40]
Event: 419.942 Thread 0x0000023a1876a890 28370       3       org.eclipse.jdt.internal.corext.fix.VariableDeclarationFixCore$VariableDeclarationFinder::<init> (38 bytes)
Event: 419.943 Thread 0x0000023a1876a890 nmethod 28370 0x0000023a1f15fe10 code [0x0000023a1f15ffc0, 0x0000023a1f1602b8]
Event: 420.012 Thread 0x0000023a1876a890 28371   !   3       org.eclipse.jdt.internal.compiler.parser.Scanner::disambiguateRecord (122 bytes)
Event: 420.013 Thread 0x0000023a1876a890 nmethod 28371 0x0000023a1f160410 code [0x0000023a1f160680, 0x0000023a1f161270]
Event: 420.013 Thread 0x0000023a1876a890 28372   !   3       org.eclipse.jdt.internal.compiler.lookup.SourceTypeBinding::methods (1095 bytes)
Event: 420.018 Thread 0x0000023a1876a890 nmethod 28372 0x0000023a1f161610 code [0x0000023a1f161da0, 0x0000023a1f168058]
Event: 420.018 Thread 0x0000023a1876a890 28373       3       org.eclipse.jdt.internal.compiler.lookup.MethodScope::checkUnusedParameters (150 bytes)
Event: 420.019 Thread 0x0000023a1876a890 nmethod 28373 0x0000023a1f16ab10 code [0x0000023a1f16ad80, 0x0000023a1f16b968]
Event: 420.118 Thread 0x0000023a1876a890 28374       1       org.eclipse.jdt.core.dom.rewrite.ASTRewrite::getRewriteEventStore (5 bytes)
Event: 420.118 Thread 0x0000023a1876a890 nmethod 28374 0x0000023a2502e090 code [0x0000023a2502e220, 0x0000023a2502e2e8]
Event: 420.119 Thread 0x0000023a1876a890 28375       3       org.eclipse.jdt.internal.ui.text.correction.proposals.LinkedCorrectionProposalCore::<init> (15 bytes)
Event: 420.119 Thread 0x0000023a1876a890 nmethod 28375 0x0000023a1f16be10 code [0x0000023a1f16bfc0, 0x0000023a1f16c1a0]
Event: 421.408 Thread 0x0000023a1876a890 28376       3       org.eclipse.jdt.internal.corext.util.Resources::checkInSync (54 bytes)
Event: 421.409 Thread 0x0000023a1876a890 nmethod 28376 0x0000023a1f16c290 code [0x0000023a1f16c480, 0x0000023a1f16c9d8]
Event: 421.409 Thread 0x0000023a1876a890 28377       3       org.eclipse.jdt.internal.corext.util.Resources::makeCommittable (227 bytes)
Event: 421.410 Thread 0x0000023a1876a890 nmethod 28377 0x0000023a1f16cc90 code [0x0000023a1f16d060, 0x0000023a1f16eec8]
Event: 421.410 Thread 0x0000023a1876a890 28378       3       org.eclipse.jdt.internal.corext.util.Resources::isReadOnly (18 bytes)
Event: 421.411 Thread 0x0000023a1876a890 nmethod 28378 0x0000023a1f16f810 code [0x0000023a1f16fa80, 0x0000023a1f170408]

GC Heap History (20 events):
Event: 418.687 GC heap before
{Heap before GC invocations=3240 (full 5):
 PSYoungGen      total 3072K, used 2816K [0x00000000d5580000, 0x00000000d6080000, 0x0000000100000000)
  eden space 2560K, 100% used [0x00000000d5580000,0x00000000d5800000,0x00000000d5800000)
  from space 512K, 50% used [0x00000000d6000000,0x00000000d6040000,0x00000000d6080000)
  to   space 512K, 0% used [0x00000000d5f80000,0x00000000d5f80000,0x00000000d6000000)
 ParOldGen       total 1290752K, used 1290233K [0x0000000080000000, 0x00000000cec80000, 0x00000000d5580000)
  object space 1290752K, 99% used [0x0000000080000000,0x00000000cebfe550,0x00000000cec80000)
 Metaspace       used 102317K, committed 104448K, reserved 1179648K
  class space    used 10508K, committed 11520K, reserved 1048576K
}
Event: 418.692 GC heap after
{Heap after GC invocations=3240 (full 5):
 PSYoungGen      total 3072K, used 489K [0x00000000d5580000, 0x00000000d6080000, 0x0000000100000000)
  eden space 2560K, 0% used [0x00000000d5580000,0x00000000d5580000,0x00000000d5800000)
  from space 512K, 95% used [0x00000000d5f80000,0x00000000d5ffa400,0x00000000d6000000)
  to   space 512K, 0% used [0x00000000d6000000,0x00000000d6000000,0x00000000d6080000)
 ParOldGen       total 1290752K, used 1290313K [0x0000000080000000, 0x00000000cec80000, 0x00000000d5580000)
  object space 1290752K, 99% used [0x0000000080000000,0x00000000cec12550,0x00000000cec80000)
 Metaspace       used 102317K, committed 104448K, reserved 1179648K
  class space    used 10508K, committed 11520K, reserved 1048576K
}
Event: 418.700 GC heap before
{Heap before GC invocations=3241 (full 5):
 PSYoungGen      total 3072K, used 3049K [0x00000000d5580000, 0x00000000d6080000, 0x0000000100000000)
  eden space 2560K, 100% used [0x00000000d5580000,0x00000000d5800000,0x00000000d5800000)
  from space 512K, 95% used [0x00000000d5f80000,0x00000000d5ffa400,0x00000000d6000000)
  to   space 512K, 0% used [0x00000000d6000000,0x00000000d6000000,0x00000000d6080000)
 ParOldGen       total 1290752K, used 1290313K [0x0000000080000000, 0x00000000cec80000, 0x00000000d5580000)
  object space 1290752K, 99% used [0x0000000080000000,0x00000000cec12550,0x00000000cec80000)
 Metaspace       used 102317K, committed 104448K, reserved 1179648K
  class space    used 10508K, committed 11520K, reserved 1048576K
}
Event: 418.704 GC heap after
{Heap after GC invocations=3241 (full 5):
 PSYoungGen      total 3072K, used 288K [0x00000000d5580000, 0x00000000d6080000, 0x0000000100000000)
  eden space 2560K, 0% used [0x00000000d5580000,0x00000000d5580000,0x00000000d5800000)
  from space 512K, 56% used [0x00000000d6000000,0x00000000d6048000,0x00000000d6080000)
  to   space 512K, 0% used [0x00000000d5f80000,0x00000000d5f80000,0x00000000d6000000)
 ParOldGen       total 1290752K, used 1290738K [0x0000000080000000, 0x00000000cec80000, 0x00000000d5580000)
  object space 1290752K, 99% used [0x0000000080000000,0x00000000cec7c950,0x00000000cec80000)
 Metaspace       used 102317K, committed 104448K, reserved 1179648K
  class space    used 10508K, committed 11520K, reserved 1048576K
}
Event: 418.922 GC heap before
{Heap before GC invocations=3242 (full 5):
 PSYoungGen      total 3072K, used 2848K [0x00000000d5580000, 0x00000000d6080000, 0x0000000100000000)
  eden space 2560K, 100% used [0x00000000d5580000,0x00000000d5800000,0x00000000d5800000)
  from space 512K, 56% used [0x00000000d6000000,0x00000000d6048000,0x00000000d6080000)
  to   space 512K, 0% used [0x00000000d5f80000,0x00000000d5f80000,0x00000000d6000000)
 ParOldGen       total 1290752K, used 1290738K [0x0000000080000000, 0x00000000cec80000, 0x00000000d5580000)
  object space 1290752K, 99% used [0x0000000080000000,0x00000000cec7c950,0x00000000cec80000)
 Metaspace       used 102317K, committed 104448K, reserved 1179648K
  class space    used 10508K, committed 11520K, reserved 1048576K
}
Event: 419.925 GC heap after
{Heap after GC invocations=3242 (full 5):
 PSYoungGen      total 3584K, used 489K [0x00000000d5580000, 0x00000000d6080000, 0x0000000100000000)
  eden space 3072K, 0% used [0x00000000d5580000,0x00000000d5580000,0x00000000d5880000)
  from space 512K, 95% used [0x00000000d5f80000,0x00000000d5ffa400,0x00000000d6000000)
  to   space 512K, 0% used [0x00000000d6000000,0x00000000d6000000,0x00000000d6080000)
 ParOldGen       total 1291264K, used 1290954K [0x0000000080000000, 0x00000000ced00000, 0x00000000d5580000)
  object space 1291264K, 99% used [0x0000000080000000,0x00000000cecb2950,0x00000000ced00000)
 Metaspace       used 102317K, committed 104448K, reserved 1179648K
  class space    used 10508K, committed 11520K, reserved 1048576K
}
Event: 419.929 GC heap before
{Heap before GC invocations=3243 (full 5):
 PSYoungGen      total 3584K, used 3561K [0x00000000d5580000, 0x00000000d6080000, 0x0000000100000000)
  eden space 3072K, 100% used [0x00000000d5580000,0x00000000d5880000,0x00000000d5880000)
  from space 512K, 95% used [0x00000000d5f80000,0x00000000d5ffa400,0x00000000d6000000)
  to   space 512K, 0% used [0x00000000d6000000,0x00000000d6000000,0x00000000d6080000)
 ParOldGen       total 1291264K, used 1290954K [0x0000000080000000, 0x00000000ced00000, 0x00000000d5580000)
  object space 1291264K, 99% used [0x0000000080000000,0x00000000cecb2950,0x00000000ced00000)
 Metaspace       used 102317K, committed 104448K, reserved 1179648K
  class space    used 10508K, committed 11520K, reserved 1048576K
}
Event: 419.931 GC heap after
{Heap after GC invocations=3243 (full 5):
 PSYoungGen      total 4608K, used 361K [0x00000000d5580000, 0x00000000d6080000, 0x0000000100000000)
  eden space 4096K, 0% used [0x00000000d5580000,0x00000000d5580000,0x00000000d5980000)
  from space 512K, 70% used [0x00000000d6000000,0x00000000d605a400,0x00000000d6080000)
  to   space 512K, 0% used [0x00000000d5f80000,0x00000000d5f80000,0x00000000d6000000)
 ParOldGen       total 1291776K, used 1291347K [0x0000000080000000, 0x00000000ced80000, 0x00000000d5580000)
  object space 1291776K, 99% used [0x0000000080000000,0x00000000ced14d50,0x00000000ced80000)
 Metaspace       used 102317K, committed 104448K, reserved 1179648K
  class space    used 10508K, committed 11520K, reserved 1048576K
}
Event: 419.935 GC heap before
{Heap before GC invocations=3244 (full 5):
 PSYoungGen      total 4608K, used 4457K [0x00000000d5580000, 0x00000000d6080000, 0x0000000100000000)
  eden space 4096K, 100% used [0x00000000d5580000,0x00000000d5980000,0x00000000d5980000)
  from space 512K, 70% used [0x00000000d6000000,0x00000000d605a400,0x00000000d6080000)
  to   space 512K, 0% used [0x00000000d5f80000,0x00000000d5f80000,0x00000000d6000000)
 ParOldGen       total 1291776K, used 1291347K [0x0000000080000000, 0x00000000ced80000, 0x00000000d5580000)
  object space 1291776K, 99% used [0x0000000080000000,0x00000000ced14d50,0x00000000ced80000)
 Metaspace       used 102317K, committed 104448K, reserved 1179648K
  class space    used 10508K, committed 11520K, reserved 1048576K
}
Event: 419.937 GC heap after
{Heap after GC invocations=3244 (full 5):
 PSYoungGen      total 5632K, used 480K [0x00000000d5580000, 0x00000000d6080000, 0x0000000100000000)
  eden space 5120K, 0% used [0x00000000d5580000,0x00000000d5580000,0x00000000d5a80000)
  from space 512K, 93% used [0x00000000d5f80000,0x00000000d5ff8000,0x00000000d6000000)
  to   space 512K, 0% used [0x00000000d6000000,0x00000000d6000000,0x00000000d6080000)
 ParOldGen       total 1291776K, used 1291604K [0x0000000080000000, 0x00000000ced80000, 0x00000000d5580000)
  object space 1291776K, 99% used [0x0000000080000000,0x00000000ced55150,0x00000000ced80000)
 Metaspace       used 102317K, committed 104448K, reserved 1179648K
  class space    used 10508K, committed 11520K, reserved 1048576K
}
Event: 419.984 GC heap before
{Heap before GC invocations=3245 (full 5):
 PSYoungGen      total 5632K, used 5600K [0x00000000d5580000, 0x00000000d6080000, 0x0000000100000000)
  eden space 5120K, 100% used [0x00000000d5580000,0x00000000d5a80000,0x00000000d5a80000)
  from space 512K, 93% used [0x00000000d5f80000,0x00000000d5ff8000,0x00000000d6000000)
  to   space 512K, 0% used [0x00000000d6000000,0x00000000d6000000,0x00000000d6080000)
 ParOldGen       total 1291776K, used 1291604K [0x0000000080000000, 0x00000000ced80000, 0x00000000d5580000)
  object space 1291776K, 99% used [0x0000000080000000,0x00000000ced55150,0x00000000ced80000)
 Metaspace       used 102318K, committed 104448K, reserved 1179648K
  class space    used 10508K, committed 11520K, reserved 1048576K
}
Event: 419.987 GC heap after
{Heap after GC invocations=3245 (full 5):
 PSYoungGen      total 6656K, used 224K [0x00000000d5580000, 0x00000000d6080000, 0x0000000100000000)
  eden space 6144K, 0% used [0x00000000d5580000,0x00000000d5580000,0x00000000d5b80000)
  from space 512K, 43% used [0x00000000d6000000,0x00000000d6038000,0x00000000d6080000)
  to   space 512K, 0% used [0x00000000d5f80000,0x00000000d5f80000,0x00000000d6000000)
 ParOldGen       total 1291776K, used 1291756K [0x0000000080000000, 0x00000000ced80000, 0x00000000d5580000)
  object space 1291776K, 99% used [0x0000000080000000,0x00000000ced7b150,0x00000000ced80000)
 Metaspace       used 102318K, committed 104448K, reserved 1179648K
  class space    used 10508K, committed 11520K, reserved 1048576K
}
Event: 420.002 GC heap before
{Heap before GC invocations=3246 (full 5):
 PSYoungGen      total 6656K, used 6368K [0x00000000d5580000, 0x00000000d6080000, 0x0000000100000000)
  eden space 6144K, 100% used [0x00000000d5580000,0x00000000d5b80000,0x00000000d5b80000)
  from space 512K, 43% used [0x00000000d6000000,0x00000000d6038000,0x00000000d6080000)
  to   space 512K, 0% used [0x00000000d5f80000,0x00000000d5f80000,0x00000000d6000000)
 ParOldGen       total 1291776K, used 1291756K [0x0000000080000000, 0x00000000ced80000, 0x00000000d5580000)
  object space 1291776K, 99% used [0x0000000080000000,0x00000000ced7b150,0x00000000ced80000)
 Metaspace       used 102318K, committed 104448K, reserved 1179648K
  class space    used 10508K, committed 11520K, reserved 1048576K
}
Event: 420.005 GC heap after
{Heap after GC invocations=3246 (full 5):
 PSYoungGen      total 8192K, used 505K [0x00000000d5580000, 0x00000000d6080000, 0x0000000100000000)
  eden space 7680K, 0% used [0x00000000d5580000,0x00000000d5580000,0x00000000d5d00000)
  from space 512K, 98% used [0x00000000d5f80000,0x00000000d5ffe410,0x00000000d6000000)
  to   space 512K, 0% used [0x00000000d6000000,0x00000000d6000000,0x00000000d6080000)
 ParOldGen       total 1292288K, used 1291884K [0x0000000080000000, 0x00000000cee00000, 0x00000000d5580000)
  object space 1292288K, 99% used [0x0000000080000000,0x00000000ced9b150,0x00000000cee00000)
 Metaspace       used 102318K, committed 104448K, reserved 1179648K
  class space    used 10508K, committed 11520K, reserved 1048576K
}
Event: 420.396 GC heap before
{Heap before GC invocations=3247 (full 5):
 PSYoungGen      total 8192K, used 8185K [0x00000000d5580000, 0x00000000d6080000, 0x0000000100000000)
  eden space 7680K, 100% used [0x00000000d5580000,0x00000000d5d00000,0x00000000d5d00000)
  from space 512K, 98% used [0x00000000d5f80000,0x00000000d5ffe410,0x00000000d6000000)
  to   space 512K, 0% used [0x00000000d6000000,0x00000000d6000000,0x00000000d6080000)
 ParOldGen       total 1292288K, used 1291884K [0x0000000080000000, 0x00000000cee00000, 0x00000000d5580000)
  object space 1292288K, 99% used [0x0000000080000000,0x00000000ced9b150,0x00000000cee00000)
 Metaspace       used 102319K, committed 104448K, reserved 1179648K
  class space    used 10508K, committed 11520K, reserved 1048576K
}
Event: 421.404 GC heap after
{Heap after GC invocations=3247 (full 5):
 PSYoungGen      total 9728K, used 490K [0x00000000d5580000, 0x00000000d6180000, 0x0000000100000000)
  eden space 9216K, 0% used [0x00000000d5580000,0x00000000d5580000,0x00000000d5e80000)
  from space 512K, 95% used [0x00000000d6000000,0x00000000d607a910,0x00000000d6080000)
  to   space 1536K, 0% used [0x00000000d5e80000,0x00000000d5e80000,0x00000000d6000000)
 ParOldGen       total 1292800K, used 1292551K [0x0000000080000000, 0x00000000cee80000, 0x00000000d5580000)
  object space 1292800K, 99% used [0x0000000080000000,0x00000000cee41e60,0x00000000cee80000)
 Metaspace       used 102319K, committed 104448K, reserved 1179648K
  class space    used 10508K, committed 11520K, reserved 1048576K
}
Event: 421.417 GC heap before
{Heap before GC invocations=3248 (full 5):
 PSYoungGen      total 9728K, used 9706K [0x00000000d5580000, 0x00000000d6180000, 0x0000000100000000)
  eden space 9216K, 100% used [0x00000000d5580000,0x00000000d5e80000,0x00000000d5e80000)
  from space 512K, 95% used [0x00000000d6000000,0x00000000d607a910,0x00000000d6080000)
  to   space 1536K, 0% used [0x00000000d5e80000,0x00000000d5e80000,0x00000000d6000000)
 ParOldGen       total 1292800K, used 1292551K [0x0000000080000000, 0x00000000cee80000, 0x00000000d5580000)
  object space 1292800K, 99% used [0x0000000080000000,0x00000000cee41e60,0x00000000cee80000)
 Metaspace       used 102327K, committed 104448K, reserved 1179648K
  class space    used 10508K, committed 11520K, reserved 1048576K
}
Event: 421.421 GC heap after
{Heap after GC invocations=3248 (full 5):
 PSYoungGen      total 10752K, used 877K [0x00000000d5580000, 0x00000000d6280000, 0x0000000100000000)
  eden space 9216K, 0% used [0x00000000d5580000,0x00000000d5580000,0x00000000d5e80000)
  from space 1536K, 57% used [0x00000000d5e80000,0x00000000d5f5b610,0x00000000d6000000)
  to   space 1024K, 0% used [0x00000000d6180000,0x00000000d6180000,0x00000000d6280000)
 ParOldGen       total 1293312K, used 1293017K [0x0000000080000000, 0x00000000cef00000, 0x00000000d5580000)
  object space 1293312K, 99% used [0x0000000080000000,0x00000000ceeb6608,0x00000000cef00000)
 Metaspace       used 102327K, committed 104448K, reserved 1179648K
  class space    used 10508K, committed 11520K, reserved 1048576K
}
Event: 421.442 GC heap before
{Heap before GC invocations=3249 (full 5):
 PSYoungGen      total 10752K, used 10093K [0x00000000d5580000, 0x00000000d6280000, 0x0000000100000000)
  eden space 9216K, 100% used [0x00000000d5580000,0x00000000d5e80000,0x00000000d5e80000)
  from space 1536K, 57% used [0x00000000d5e80000,0x00000000d5f5b610,0x00000000d6000000)
  to   space 1024K, 0% used [0x00000000d6180000,0x00000000d6180000,0x00000000d6280000)
 ParOldGen       total 1293312K, used 1293017K [0x0000000080000000, 0x00000000cef00000, 0x00000000d5580000)
  object space 1293312K, 99% used [0x0000000080000000,0x00000000ceeb6608,0x00000000cef00000)
 Metaspace       used 102327K, committed 104448K, reserved 1179648K
  class space    used 10508K, committed 11520K, reserved 1048576K
}
Event: 423.458 GC heap after
{Heap after GC invocations=3249 (full 5):
 PSYoungGen      total 10240K, used 1002K [0x00000000d5580000, 0x00000000d6280000, 0x0000000100000000)
  eden space 9216K, 0% used [0x00000000d5580000,0x00000000d5580000,0x00000000d5e80000)
  from space 1024K, 97% used [0x00000000d6180000,0x00000000d627aa58,0x00000000d6280000)
  to   space 1536K, 0% used [0x00000000d5e80000,0x00000000d5e80000,0x00000000d6000000)
 ParOldGen       total 1297408K, used 1297020K [0x0000000080000000, 0x00000000cf300000, 0x00000000d5580000)
  object space 1297408K, 99% used [0x0000000080000000,0x00000000cf29f1e8,0x00000000cf300000)
 Metaspace       used 102327K, committed 104448K, reserved 1179648K
  class space    used 10508K, committed 11520K, reserved 1048576K
}

Dll operation events (12 events):
Event: 0.036 Loaded shared library c:\Users\FRESHIVORES\.antigravity\extensions\redhat.java-1.50.0-win32-x64\jre\21.0.9-win32-x86_64\bin\java.dll
Event: 0.427 Loaded shared library c:\Users\FRESHIVORES\.antigravity\extensions\redhat.java-1.50.0-win32-x64\jre\21.0.9-win32-x86_64\bin\zip.dll
Event: 0.468 Loaded shared library C:\Users\FRESHIVORES\.antigravity\extensions\redhat.java-1.50.0-win32-x64\jre\21.0.9-win32-x86_64\bin\instrument.dll
Event: 0.480 Loaded shared library C:\Users\FRESHIVORES\.antigravity\extensions\redhat.java-1.50.0-win32-x64\jre\21.0.9-win32-x86_64\bin\net.dll
Event: 0.484 Loaded shared library C:\Users\FRESHIVORES\.antigravity\extensions\redhat.java-1.50.0-win32-x64\jre\21.0.9-win32-x86_64\bin\nio.dll
Event: 0.493 Loaded shared library C:\Users\FRESHIVORES\.antigravity\extensions\redhat.java-1.50.0-win32-x64\jre\21.0.9-win32-x86_64\bin\zip.dll
Event: 0.522 Loaded shared library C:\Users\FRESHIVORES\.antigravity\extensions\redhat.java-1.50.0-win32-x64\jre\21.0.9-win32-x86_64\bin\jimage.dll
Event: 0.645 Loaded shared library c:\Users\FRESHIVORES\.antigravity\extensions\redhat.java-1.50.0-win32-x64\jre\21.0.9-win32-x86_64\bin\verify.dll
Event: 2.325 Loaded shared library C:\Users\FRESHIVORES\AppData\Roaming\Antigravity\User\globalStorage\redhat.java\1.50.0\config_win\org.eclipse.equinox.launcher\org.eclipse.equinox.launcher.win32.win32.x86_64_1.2.1400.v20250801-0854\eclipse_11916.dll
Event: 4.185 Loaded shared library C:\Users\FRESHIVORES\AppData\Local\Temp\jna--55177460\jna280633123314086664.dll
Event: 47.519 Loaded shared library C:\Users\FRESHIVORES\.antigravity\extensions\redhat.java-1.50.0-win32-x64\jre\21.0.9-win32-x86_64\bin\sunmscapi.dll
Event: 47.779 Loaded shared library C:\Users\FRESHIVORES\.antigravity\extensions\redhat.java-1.50.0-win32-x64\jre\21.0.9-win32-x86_64\bin\extnet.dll

Deoptimization events (20 events):
Event: 417.792 Thread 0x0000023a782d0ef0 DEOPT PACKING pc=0x0000023a24565ae4 sp=0x0000004be80fe700
Event: 417.792 Thread 0x0000023a782d0ef0 DEOPT UNPACKING pc=0x0000023a22f63aa2 sp=0x0000004be80fe698 mode 2
Event: 417.792 Thread 0x0000023a782d0ef0 Uncommon trap: trap_request=0xffffffde fr.pc=0x0000023a24565ae4 relative=0x0000000000000224
Event: 417.792 Thread 0x0000023a782d0ef0 Uncommon trap: reason=class_check action=maybe_recompile pc=0x0000023a24565ae4 method=org.eclipse.jdt.internal.core.util.Util.equalArraysOrNull([Ljava/lang/Object;[Ljava/lang/Object;)Z @ 55 c2
Event: 417.792 Thread 0x0000023a782d0ef0 DEOPT PACKING pc=0x0000023a24565ae4 sp=0x0000004be80fe700
Event: 417.792 Thread 0x0000023a782d0ef0 DEOPT UNPACKING pc=0x0000023a22f63aa2 sp=0x0000004be80fe698 mode 2
Event: 417.793 Thread 0x0000023a77094b50 Uncommon trap: trap_request=0xffffff45 fr.pc=0x0000023a24a6aea8 relative=0x0000000000004a28
Event: 417.793 Thread 0x0000023a77094b50 Uncommon trap: reason=unstable_if action=reinterpret pc=0x0000023a24a6aea8 method=org.eclipse.jdt.internal.core.index.DiskIndex.readStreamDocumentArray(Ljava/io/InputStream;I)[I @ 60 c2
Event: 417.793 Thread 0x0000023a77094b50 DEOPT PACKING pc=0x0000023a24a6aea8 sp=0x0000004be6cfeca0
Event: 417.793 Thread 0x0000023a77094b50 DEOPT UNPACKING pc=0x0000023a22f63aa2 sp=0x0000004be6cfebc0 mode 2
Event: 417.831 Thread 0x0000023a77094b50 DEOPT PACKING pc=0x0000023a1f15069c sp=0x0000004be6cfeb20
Event: 417.831 Thread 0x0000023a77094b50 DEOPT UNPACKING pc=0x0000023a22f64242 sp=0x0000004be6cfe0d0 mode 0
Event: 418.040 Thread 0x0000023a77094b50 DEOPT PACKING pc=0x0000023a1f15069c sp=0x0000004be6cfeb20
Event: 418.040 Thread 0x0000023a77094b50 DEOPT UNPACKING pc=0x0000023a22f64242 sp=0x0000004be6cfe0d0 mode 0
Event: 418.320 Thread 0x0000023a782cd3e0 Uncommon trap: trap_request=0xffffff45 fr.pc=0x0000023a23c33d88 relative=0x00000000000002a8
Event: 418.320 Thread 0x0000023a782cd3e0 Uncommon trap: reason=unstable_if action=reinterpret pc=0x0000023a23c33d88 method=java.lang.ThreadLocal$ThreadLocalMap.set(Ljava/lang/ThreadLocal;Ljava/lang/Object;)V @ 53 c2
Event: 418.320 Thread 0x0000023a782cd3e0 DEOPT PACKING pc=0x0000023a23c33d88 sp=0x0000004be74fe990
Event: 418.320 Thread 0x0000023a782cd3e0 DEOPT UNPACKING pc=0x0000023a22f63aa2 sp=0x0000004be74fe918 mode 2
Event: 421.435 Thread 0x0000023a79e70d40 DEOPT PACKING pc=0x0000023a1f15069c sp=0x0000004be91fdf20
Event: 421.435 Thread 0x0000023a79e70d40 DEOPT UNPACKING pc=0x0000023a22f64242 sp=0x0000004be91fd4d0 mode 0

Classes loaded (20 events):
Event: 307.686 Loading class java/util/function/LongFunction
Event: 307.686 Loading class java/util/function/LongFunction done
Event: 307.686 Loading class java/util/stream/Nodes$ConcNode
Event: 307.688 Loading class java/util/stream/Nodes$AbstractConcNode
Event: 307.688 Loading class java/util/stream/Nodes$AbstractConcNode done
Event: 307.688 Loading class java/util/stream/Nodes$ConcNode done
Event: 307.707 Loading class java/util/stream/Nodes$ToArrayTask$OfRef
Event: 307.707 Loading class java/util/stream/Nodes$ToArrayTask
Event: 307.707 Loading class java/util/stream/Nodes$ToArrayTask done
Event: 307.707 Loading class java/util/stream/Nodes$ToArrayTask$OfRef done
Event: 307.709 Loading class java/io/ObjectOutputStream$BlockDataOutputStream
Event: 307.709 Loading class java/io/ObjectOutputStream$BlockDataOutputStream done
Event: 307.710 Loading class java/io/ObjectOutputStream$HandleTable
Event: 307.710 Loading class java/io/ObjectOutputStream$HandleTable done
Event: 307.710 Loading class java/io/ObjectOutputStream$ReplaceTable
Event: 307.710 Loading class java/io/ObjectOutputStream$ReplaceTable done
Event: 395.161 Loading class jdk/internal/module/IllegalAccessLogger
Event: 395.161 Loading class jdk/internal/module/IllegalAccessLogger done
Event: 418.167 Loading class jdk/internal/module/IllegalAccessLogger
Event: 418.168 Loading class jdk/internal/module/IllegalAccessLogger done

Classes unloaded (13 events):
Event: 4.958 Thread 0x0000023a18731db0 Unloading class 0x0000023a311a8800 'java/lang/invoke/LambdaForm$MH+0x0000023a311a8800'
Event: 4.958 Thread 0x0000023a18731db0 Unloading class 0x0000023a311a8400 'java/lang/invoke/LambdaForm$MH+0x0000023a311a8400'
Event: 4.958 Thread 0x0000023a18731db0 Unloading class 0x0000023a311a8000 'java/lang/invoke/LambdaForm$MH+0x0000023a311a8000'
Event: 4.958 Thread 0x0000023a18731db0 Unloading class 0x0000023a311a7c00 'java/lang/invoke/LambdaForm$MH+0x0000023a311a7c00'
Event: 4.958 Thread 0x0000023a18731db0 Unloading class 0x0000023a311a7800 'java/lang/invoke/LambdaForm$BMH+0x0000023a311a7800'
Event: 4.958 Thread 0x0000023a18731db0 Unloading class 0x0000023a311a7400 'java/lang/invoke/LambdaForm$DMH+0x0000023a311a7400'
Event: 4.958 Thread 0x0000023a18731db0 Unloading class 0x0000023a311a6000 'java/lang/invoke/LambdaForm$DMH+0x0000023a311a6000'
Event: 20.095 Thread 0x0000023a18731db0 Unloading class 0x0000023a3169d000 'java/lang/invoke/LambdaForm$DMH+0x0000023a3169d000'
Event: 20.095 Thread 0x0000023a18731db0 Unloading class 0x0000023a3169cc00 'java/lang/invoke/LambdaForm$DMH+0x0000023a3169cc00'
Event: 20.095 Thread 0x0000023a18731db0 Unloading class 0x0000023a3169c800 'java/lang/invoke/LambdaForm$DMH+0x0000023a3169c800'
Event: 48.734 Thread 0x0000023a18731db0 Unloading class 0x0000023a316f0c00 'java/lang/invoke/LambdaForm$DMH+0x0000023a316f0c00'
Event: 48.734 Thread 0x0000023a18731db0 Unloading class 0x0000023a316f0800 'java/lang/invoke/LambdaForm$DMH+0x0000023a316f0800'
Event: 48.734 Thread 0x0000023a18731db0 Unloading class 0x0000023a316f0400 'java/lang/invoke/LambdaForm$DMH+0x0000023a316f0400'

Classes redefined (0 events):
No events

Internal exceptions (20 events):
Event: 373.605 Thread 0x0000023a79e6b7f0 Implicit null exception at 0x0000023a238790e0 to 0x0000023a2387d7c8
Event: 373.640 Thread 0x0000023a79e6b7f0 Implicit null exception at 0x0000023a23cd565a to 0x0000023a23cd56b9
Event: 373.640 Thread 0x0000023a79e6b7f0 Implicit null exception at 0x0000023a23c62aa3 to 0x0000023a23c647dc
Event: 375.978 Thread 0x0000023a79e70d40 Implicit null exception at 0x0000023a1ca36e1b to 0x0000023a1ca373d5
Event: 375.978 Thread 0x0000023a79e70d40 Exception <a 'java/lang/NullPointerException'{0x00000000d5754738}> (0x00000000d5754738) 
thrown [s\src\hotspot\share\runtime\sharedRuntime.cpp, line 625]
Event: 389.113 Thread 0x0000023a782d0ef0 Exception <a 'java/lang/ArrayIndexOutOfBoundsException'{0x00000000d59836c0}> (0x00000000d59836c0) 
thrown [s\src\hotspot\share\runtime\sharedRuntime.cpp, line 625]
Event: 389.127 Thread 0x0000023a782d0ef0 Exception <a 'java/lang/ArrayIndexOutOfBoundsException'{0x00000000d5a14888}> (0x00000000d5a14888) 
thrown [s\src\hotspot\share\runtime\sharedRuntime.cpp, line 625]
Event: 389.127 Thread 0x0000023a782d0ef0 Exception <a 'java/lang/ArrayIndexOutOfBoundsException'{0x00000000d5a15e80}> (0x00000000d5a15e80) 
thrown [s\src\hotspot\share\runtime\sharedRuntime.cpp, line 625]
Event: 389.128 Thread 0x0000023a782d0ef0 Exception <a 'java/lang/ArrayIndexOutOfBoundsException'{0x00000000d5a16458}> (0x00000000d5a16458) 
thrown [s\src\hotspot\share\runtime\sharedRuntime.cpp, line 625]
Event: 390.442 Thread 0x0000023a782d0ef0 Exception <a 'java/lang/ArrayIndexOutOfBoundsException'{0x00000000d5677c28}> (0x00000000d5677c28) 
thrown [s\src\hotspot\share\runtime\sharedRuntime.cpp, line 625]
Event: 390.462 Thread 0x0000023a782d0ef0 Exception <a 'java/lang/ArrayIndexOutOfBoundsException'{0x00000000d55e5850}> (0x00000000d55e5850) 
thrown [s\src\hotspot\share\runtime\sharedRuntime.cpp, line 625]
Event: 390.462 Thread 0x0000023a782d0ef0 Exception <a 'java/lang/ArrayIndexOutOfBoundsException'{0x00000000d55e6e48}> (0x00000000d55e6e48) 
thrown [s\src\hotspot\share\runtime\sharedRuntime.cpp, line 625]
Event: 390.462 Thread 0x0000023a782d0ef0 Exception <a 'java/lang/ArrayIndexOutOfBoundsException'{0x00000000d55e7420}> (0x00000000d55e7420) 
thrown [s\src\hotspot\share\runtime\sharedRuntime.cpp, line 625]
Event: 395.011 Thread 0x0000023a77094b50 Exception <a 'sun/nio/fs/WindowsException'{0x00000000d5a08968}> (0x00000000d5a08968) 
thrown [s\src\hotspot\share\prims\jni.cpp, line 520]
Event: 395.481 Thread 0x0000023a77094b50 Exception <a 'sun/nio/fs/WindowsException'{0x00000000d55deca8}> (0x00000000d55deca8) 
thrown [s\src\hotspot\share\prims\jni.cpp, line 520]
Event: 408.297 Thread 0x0000023a782d0ef0 Exception <a 'java/lang/ArrayIndexOutOfBoundsException'{0x00000000d5cbc7b0}> (0x00000000d5cbc7b0) 
thrown [s\src\hotspot\share\runtime\sharedRuntime.cpp, line 625]
Event: 408.313 Thread 0x0000023a782d0ef0 Exception <a 'java/lang/ArrayIndexOutOfBoundsException'{0x00000000d5b899c0}> (0x00000000d5b899c0) 
thrown [s\src\hotspot\share\runtime\sharedRuntime.cpp, line 625]
Event: 409.075 Thread 0x0000023a79e70d40 Exception <a 'java/lang/ArrayIndexOutOfBoundsException'{0x00000000d55ae290}> (0x00000000d55ae290) 
thrown [s\src\hotspot\share\runtime\sharedRuntime.cpp, line 625]
Event: 417.814 Thread 0x0000023a77094b50 Exception <a 'sun/nio/fs/WindowsException'{0x00000000d558f448}> (0x00000000d558f448) 
thrown [s\src\hotspot\share\prims\jni.cpp, line 520]
Event: 418.234 Thread 0x0000023a77094b50 Exception <a 'sun/nio/fs/WindowsException'{0x00000000d57c4ea0}> (0x00000000d57c4ea0) 
thrown [s\src\hotspot\share\prims\jni.cpp, line 520]

ZGC Phase Switch (0 events):
No events

VM Operations (20 events):
Event: 419.925 Executing VM operation: ParallelGCFailedAllocation (Allocation Failure) done
Event: 419.929 Executing VM operation: ParallelGCFailedAllocation (Allocation Failure)
Event: 419.931 Executing VM operation: ParallelGCFailedAllocation (Allocation Failure) done
Event: 419.935 Executing VM operation: ParallelGCFailedAllocation (Allocation Failure)
Event: 419.937 Executing VM operation: ParallelGCFailedAllocation (Allocation Failure) done
Event: 419.984 Executing VM operation: ParallelGCFailedAllocation (Allocation Failure)
Event: 419.987 Executing VM operation: ParallelGCFailedAllocation (Allocation Failure) done
Event: 420.002 Executing VM operation: ParallelGCFailedAllocation (Allocation Failure)
Event: 420.005 Executing VM operation: ParallelGCFailedAllocation (Allocation Failure) done
Event: 420.396 Executing VM operation: ParallelGCFailedAllocation (Allocation Failure)
Event: 421.404 Executing VM operation: ParallelGCFailedAllocation (Allocation Failure) done
Event: 421.404 Executing VM operation: HandshakeAllThreads (HandshakeForDeflation)
Event: 421.404 Executing VM operation: HandshakeAllThreads (HandshakeForDeflation) done
Event: 421.404 Executing VM operation: RendezvousGCThreads
Event: 421.404 Executing VM operation: RendezvousGCThreads done
Event: 421.417 Executing VM operation: ParallelGCFailedAllocation (Allocation Failure)
Event: 421.421 Executing VM operation: ParallelGCFailedAllocation (Allocation Failure) done
Event: 421.442 Executing VM operation: ParallelGCFailedAllocation (Allocation Failure)
Event: 423.458 Executing VM operation: ParallelGCFailedAllocation (Allocation Failure) done
Event: 423.492 Executing VM operation: ParallelGCFailedAllocation (Allocation Failure)

Memory protections (0 events):
No events

Nmethod flushes (20 events):
Event: 119.445 Thread 0x0000023a18731db0 flushing  nmethod 0x0000023a1e289610
Event: 119.445 Thread 0x0000023a18731db0 flushing  nmethod 0x0000023a1e289a90
Event: 119.445 Thread 0x0000023a18731db0 flushing  nmethod 0x0000023a1e28a710
Event: 119.445 Thread 0x0000023a18731db0 flushing  nmethod 0x0000023a1e28b590
Event: 119.445 Thread 0x0000023a18731db0 flushing  nmethod 0x0000023a1e28ba10
Event: 119.445 Thread 0x0000023a18731db0 flushing  nmethod 0x0000023a1e28ea90
Event: 119.445 Thread 0x0000023a18731db0 flushing  nmethod 0x0000023a1e291e10
Event: 119.445 Thread 0x0000023a18731db0 flushing  nmethod 0x0000023a1e292590
Event: 119.445 Thread 0x0000023a18731db0 flushing  nmethod 0x0000023a1e296810
Event: 119.445 Thread 0x0000023a18731db0 flushing  nmethod 0x0000023a1e298110
Event: 119.445 Thread 0x0000023a18731db0 flushing  nmethod 0x0000023a1e298490
Event: 119.445 Thread 0x0000023a18731db0 flushing  nmethod 0x0000023a1e299510
Event: 119.445 Thread 0x0000023a18731db0 flushing  nmethod 0x0000023a1e299910
Event: 119.445 Thread 0x0000023a18731db0 flushing  nmethod 0x0000023a1e299e10
Event: 119.445 Thread 0x0000023a18731db0 flushing  nmethod 0x0000023a1e2ca190
Event: 119.445 Thread 0x0000023a18731db0 flushing  nmethod 0x0000023a1e2cab10
Event: 119.445 Thread 0x0000023a18731db0 flushing  nmethod 0x0000023a1e2cb290
Event: 119.445 Thread 0x0000023a18731db0 flushing  nmethod 0x0000023a1e2cb690
Event: 119.445 Thread 0x0000023a18731db0 flushing  nmethod 0x0000023a1e2ce290
Event: 119.445 Thread 0x0000023a18731db0 flushing osr nmethod 0x0000023a1e2d3190

Events (20 events):
Event: 356.242 Thread 0x0000023a7bbb33b0 Thread exited: 0x0000023a7bbb33b0
Event: 359.855 Thread 0x0000023a1876a890 Thread added: 0x0000023a7bbb1870
Event: 360.479 Thread 0x0000023a7bbb1870 Thread exited: 0x0000023a7bbb1870
Event: 370.160 Thread 0x0000023a76074940 Thread exited: 0x0000023a76074940
Event: 370.160 Thread 0x0000023a79e6f300 Thread exited: 0x0000023a79e6f300
Event: 370.520 Thread 0x0000023a79e6aad0 Thread exited: 0x0000023a79e6aad0
Event: 370.520 Thread 0x0000023a79e6f990 Thread exited: 0x0000023a79e6f990
Event: 370.536 Thread 0x0000023a79e6a440 Thread exited: 0x0000023a79e6a440
Event: 370.536 Thread 0x0000023a79e713d0 Thread exited: 0x0000023a79e713d0
Event: 370.536 Thread 0x0000023a76076a10 Thread exited: 0x0000023a76076a10
Event: 370.613 Thread 0x0000023a79e6be80 Thread exited: 0x0000023a79e6be80
Event: 370.613 Thread 0x0000023a79e6ec70 Thread exited: 0x0000023a79e6ec70
Event: 370.799 Thread 0x0000023a760770a0 Thread exited: 0x0000023a760770a0
Event: 376.377 Thread 0x0000023a1876a890 Thread added: 0x0000023a7bbb1870
Event: 376.616 Thread 0x0000023a7bbb1870 Thread exited: 0x0000023a7bbb1870
Event: 391.836 Thread 0x0000023a76077730 Thread exited: 0x0000023a76077730
Event: 395.128 Thread 0x0000023a782cd3e0 Thread added: 0x0000023a7a9163b0
Event: 395.161 Thread 0x0000023a782cd3e0 Thread added: 0x0000023a7a918480
Event: 415.746 Thread 0x0000023a7a913c50 Thread exited: 0x0000023a7a913c50
Event: 417.925 Thread 0x0000023a782cd3e0 Thread added: 0x0000023a7a916a40


Dynamic libraries:
0x00007ff63cb50000 - 0x00007ff63cb5e000 	c:\Users\FRESHIVORES\.antigravity\extensions\redhat.java-1.50.0-win32-x64\jre\21.0.9-win32-x86_64\bin\java.exe
0x00007ff96bf20000 - 0x00007ff96c187000 	C:\WINDOWS\SYSTEM32\ntdll.dll
0x00007ff96a9e0000 - 0x00007ff96aaa9000 	C:\WINDOWS\System32\KERNEL32.DLL
0x00007ff969610000 - 0x00007ff9699ff000 	C:\WINDOWS\System32\KERNELBASE.dll
0x00007ff969070000 - 0x00007ff9691bb000 	C:\WINDOWS\System32\ucrtbase.dll
0x00007ff9544e0000 - 0x00007ff9544f8000 	c:\Users\FRESHIVORES\.antigravity\extensions\redhat.java-1.50.0-win32-x64\jre\21.0.9-win32-x86_64\bin\jli.dll
0x00007ff969cc0000 - 0x00007ff969e85000 	C:\WINDOWS\System32\USER32.dll
0x00007ff9695e0000 - 0x00007ff969607000 	C:\WINDOWS\System32\win32u.dll
0x00007ff96b970000 - 0x00007ff96b99b000 	C:\WINDOWS\System32\GDI32.dll
0x00007ff9691c0000 - 0x00007ff9692ec000 	C:\WINDOWS\System32\gdi32full.dll
0x00007ff969c10000 - 0x00007ff969cb3000 	C:\WINDOWS\System32\msvcp_win.dll
0x00007ff953f40000 - 0x00007ff953f5e000 	c:\Users\FRESHIVORES\.antigravity\extensions\redhat.java-1.50.0-win32-x64\jre\21.0.9-win32-x86_64\bin\VCRUNTIME140.dll
0x00007ff94d080000 - 0x00007ff94d313000 	C:\WINDOWS\WinSxS\amd64_microsoft.windows.common-controls_6595b64144ccf1df_6.0.26100.7309_none_3e05feeae336a044\COMCTL32.dll
0x00007ff96a0d0000 - 0x00007ff96a179000 	C:\WINDOWS\System32\msvcrt.dll
0x00007ff96abd0000 - 0x00007ff96ac01000 	C:\WINDOWS\System32\IMM32.DLL
0x00007ff963ca0000 - 0x00007ff963cac000 	c:\Users\FRESHIVORES\.antigravity\extensions\redhat.java-1.50.0-win32-x64\jre\21.0.9-win32-x86_64\bin\vcruntime140_1.dll
0x00007ff93d950000 - 0x00007ff93d9dd000 	c:\Users\FRESHIVORES\.antigravity\extensions\redhat.java-1.50.0-win32-x64\jre\21.0.9-win32-x86_64\bin\msvcp140.dll
0x00007ff8fbe80000 - 0x00007ff8fcc20000 	c:\Users\FRESHIVORES\.antigravity\extensions\redhat.java-1.50.0-win32-x64\jre\21.0.9-win32-x86_64\bin\server\jvm.dll
0x00007ff96b220000 - 0x00007ff96b2d4000 	C:\WINDOWS\System32\ADVAPI32.dll
0x00007ff96ac10000 - 0x00007ff96acb6000 	C:\WINDOWS\System32\sechost.dll
0x00007ff96aab0000 - 0x00007ff96abc8000 	C:\WINDOWS\System32\RPCRT4.dll
0x00007ff96bb70000 - 0x00007ff96bbe4000 	C:\WINDOWS\System32\WS2_32.dll
0x00007ff968ef0000 - 0x00007ff968f4e000 	C:\WINDOWS\SYSTEM32\POWRPROF.dll
0x00007ff9549c0000 - 0x00007ff9549f5000 	C:\WINDOWS\SYSTEM32\WINMM.dll
0x00007ff959740000 - 0x00007ff95974b000 	C:\WINDOWS\SYSTEM32\VERSION.dll
0x00007ff968ed0000 - 0x00007ff968ee4000 	C:\WINDOWS\SYSTEM32\UMPDC.dll
0x00007ff967de0000 - 0x00007ff967dfb000 	C:\WINDOWS\SYSTEM32\kernel.appcore.dll
0x00007ff962680000 - 0x00007ff96268a000 	c:\Users\FRESHIVORES\.antigravity\extensions\redhat.java-1.50.0-win32-x64\jre\21.0.9-win32-x86_64\bin\jimage.dll
0x00007ff9666f0000 - 0x00007ff966932000 	C:\WINDOWS\SYSTEM32\DBGHELP.DLL
0x00007ff96b4f0000 - 0x00007ff96b875000 	C:\WINDOWS\System32\combase.dll
0x00007ff96b880000 - 0x00007ff96b956000 	C:\WINDOWS\System32\OLEAUT32.dll
0x00007ff940ce0000 - 0x00007ff940d1c000 	C:\WINDOWS\SYSTEM32\dbgcore.DLL
0x00007ff9692f0000 - 0x00007ff969395000 	C:\WINDOWS\System32\bcryptPrimitives.dll
0x00007ff9592c0000 - 0x00007ff9592cf000 	c:\Users\FRESHIVORES\.antigravity\extensions\redhat.java-1.50.0-win32-x64\jre\21.0.9-win32-x86_64\bin\instrument.dll
0x00007ff94ebe0000 - 0x00007ff94ec00000 	c:\Users\FRESHIVORES\.antigravity\extensions\redhat.java-1.50.0-win32-x64\jre\21.0.9-win32-x86_64\bin\java.dll
0x00007ff96a180000 - 0x00007ff96a8d3000 	C:\WINDOWS\System32\SHELL32.dll
0x00007ff969aa0000 - 0x00007ff969c0a000 	C:\WINDOWS\System32\wintypes.dll
0x00007ff966c50000 - 0x00007ff9674ae000 	C:\WINDOWS\SYSTEM32\windows.storage.dll
0x00007ff96bc60000 - 0x00007ff96bd55000 	C:\WINDOWS\System32\SHCORE.dll
0x00007ff96bbf0000 - 0x00007ff96bc56000 	C:\WINDOWS\System32\shlwapi.dll
0x00007ff968f90000 - 0x00007ff968fb9000 	C:\WINDOWS\SYSTEM32\profapi.dll
0x00007ff94d570000 - 0x00007ff94d588000 	c:\Users\FRESHIVORES\.antigravity\extensions\redhat.java-1.50.0-win32-x64\jre\21.0.9-win32-x86_64\bin\zip.dll
0x00007ff956b80000 - 0x00007ff956b90000 	C:\Users\FRESHIVORES\.antigravity\extensions\redhat.java-1.50.0-win32-x64\jre\21.0.9-win32-x86_64\bin\net.dll
0x00007ff960e80000 - 0x00007ff960fa8000 	C:\WINDOWS\SYSTEM32\WINHTTP.dll
0x00007ff968330000 - 0x00007ff96839b000 	C:\WINDOWS\system32\mswsock.dll
0x00007ff963c80000 - 0x00007ff963c96000 	C:\Users\FRESHIVORES\.antigravity\extensions\redhat.java-1.50.0-win32-x64\jre\21.0.9-win32-x86_64\bin\nio.dll
0x00007ff963be0000 - 0x00007ff963bf0000 	c:\Users\FRESHIVORES\.antigravity\extensions\redhat.java-1.50.0-win32-x64\jre\21.0.9-win32-x86_64\bin\verify.dll
0x00007ff941e80000 - 0x00007ff941ec4000 	C:\Users\FRESHIVORES\AppData\Roaming\Antigravity\User\globalStorage\redhat.java\1.50.0\config_win\org.eclipse.equinox.launcher\org.eclipse.equinox.launcher.win32.win32.x86_64_1.2.1400.v20250801-0854\eclipse_11916.dll
0x00007ff96b9d0000 - 0x00007ff96bb67000 	C:\WINDOWS\System32\ole32.dll
0x00007ff968720000 - 0x00007ff96873b000 	C:\WINDOWS\SYSTEM32\CRYPTSP.dll
0x00007ff967d40000 - 0x00007ff967d7a000 	C:\WINDOWS\system32\rsaenh.dll
0x00007ff9683e0000 - 0x00007ff96840b000 	C:\WINDOWS\SYSTEM32\USERENV.dll
0x00007ff968f60000 - 0x00007ff968f8a000 	C:\WINDOWS\SYSTEM32\bcrypt.dll
0x00007ff968580000 - 0x00007ff96858c000 	C:\WINDOWS\SYSTEM32\CRYPTBASE.dll
0x00007ff9677d0000 - 0x00007ff967804000 	C:\WINDOWS\SYSTEM32\IPHLPAPI.DLL
0x00007ff96ad80000 - 0x00007ff96ad8a000 	C:\WINDOWS\System32\NSI.dll
0x00007ff941cb0000 - 0x00007ff941cf9000 	C:\Users\FRESHIVORES\AppData\Local\Temp\jna--55177460\jna280633123314086664.dll
0x00007ff96bed0000 - 0x00007ff96bed8000 	C:\WINDOWS\System32\PSAPI.DLL
0x00007ff960e50000 - 0x00007ff960e6e000 	C:\WINDOWS\SYSTEM32\dhcpcsvc6.DLL
0x00007ff960ba0000 - 0x00007ff960bc3000 	C:\WINDOWS\SYSTEM32\dhcpcsvc.DLL
0x00007ff956330000 - 0x00007ff95633e000 	C:\Users\FRESHIVORES\.antigravity\extensions\redhat.java-1.50.0-win32-x64\jre\21.0.9-win32-x86_64\bin\sunmscapi.dll
0x00007ff9693a0000 - 0x00007ff969517000 	C:\WINDOWS\System32\CRYPT32.dll
0x00007ff968870000 - 0x00007ff9688a0000 	C:\WINDOWS\SYSTEM32\ncrypt.dll
0x00007ff968820000 - 0x00007ff96885f000 	C:\WINDOWS\SYSTEM32\NTASN1.dll
0x00007ff967860000 - 0x00007ff96798c000 	C:\WINDOWS\SYSTEM32\DNSAPI.dll
0x00007ff95a4b0000 - 0x00007ff95a4bb000 	C:\Windows\System32\rasadhlp.dll
0x00007ff95f7b0000 - 0x00007ff95f836000 	C:\WINDOWS\System32\fwpuclnt.dll
0x00007ff953f20000 - 0x00007ff953f29000 	C:\Users\FRESHIVORES\.antigravity\extensions\redhat.java-1.50.0-win32-x64\jre\21.0.9-win32-x86_64\bin\extnet.dll
0x00007ff967f00000 - 0x00007ff967f36000 	C:\WINDOWS\SYSTEM32\ntmarta.dll

JVMTI agents:
c:\Users\FRESHIVORES\.antigravity\extensions\redhat.java-1.50.0-win32-x64\lombok\lombok-1.18.39-4050.jar path:c:\Users\FRESHIVORES\.antigravity\extensions\redhat.java-1.50.0-win32-x64\jre\21.0.9-win32-x86_64\bin\instrument.dll, loaded, initialized, instrumentlib options:none

dbghelp: loaded successfully - version: 4.0.5 - missing functions: none
symbol engine: initialized successfully - sym options: 0x614 - pdb path: .;c:\Users\FRESHIVORES\.antigravity\extensions\redhat.java-1.50.0-win32-x64\jre\21.0.9-win32-x86_64\bin;C:\WINDOWS\SYSTEM32;C:\WINDOWS\WinSxS\amd64_microsoft.windows.common-controls_6595b64144ccf1df_6.0.26100.7309_none_3e05feeae336a044;c:\Users\FRESHIVORES\.antigravity\extensions\redhat.java-1.50.0-win32-x64\jre\21.0.9-win32-x86_64\bin\server;C:\Users\FRESHIVORES\AppData\Roaming\Antigravity\User\globalStorage\redhat.java\1.50.0\config_win\org.eclipse.equinox.launcher\org.eclipse.equinox.launcher.win32.win32.x86_64_1.2.1400.v20250801-0854;C:\Users\FRESHIVORES\AppData\Local\Temp\jna--55177460

VM Arguments:
jvm_args: --add-modules=ALL-SYSTEM --add-opens=java.base/java.util=ALL-UNNAMED --add-opens=java.base/java.lang=ALL-UNNAMED --add-opens=java.base/sun.nio.fs=ALL-UNNAMED -Declipse.application=org.eclipse.jdt.ls.core.id1 -Dosgi.bundles.defaultStartLevel=4 -Declipse.product=org.eclipse.jdt.ls.core.product -Djava.import.generatesMetadataFilesAtProjectRoot=false -DDetectVMInstallationsJob.disabled=true -Dfile.encoding=utf8 -XX:+UseParallelGC -XX:GCTimeRatio=4 -XX:AdaptiveSizePolicyWeight=90 -Dsun.zip.disableMemoryMapping=true -Xmx2G -Xms100m -Xlog:disable -javaagent:c:\Users\FRESHIVORES\.antigravity\extensions\redhat.java-1.50.0-win32-x64\lombok\lombok-1.18.39-4050.jar -XX:+HeapDumpOnOutOfMemoryError -XX:HeapDumpPath=c:\Users\FRESHIVORES\AppData\Roaming\Antigravity\User\workspaceStorage\99ea1349c0294e34c35d1757be59e1f5\redhat.java -Daether.dependencyCollector.impl=bf 
java_command: c:\Users\FRESHIVORES\.antigravity\extensions\redhat.java-1.50.0-win32-x64\server\plugins\org.eclipse.equinox.launcher_1.7.100.v20251111-0406.jar -configuration c:\Users\FRESHIVORES\AppData\Roaming\Antigravity\User\globalStorage\redhat.java\1.50.0\config_win -data c:\Users\FRESHIVORES\AppData\Roaming\Antigravity\User\workspaceStorage\99ea1349c0294e34c35d1757be59e1f5\redhat.java\jdt_ws --pipe=\\.\pipe\lsp-8e31962871b12d6422bddd4bc411a1e1-sock
java_class_path (initial): c:\Users\FRESHIVORES\.antigravity\extensions\redhat.java-1.50.0-win32-x64\server\plugins\org.eclipse.equinox.launcher_1.7.100.v20251111-0406.jar
Launcher Type: SUN_STANDARD

[Global flags]
    uintx AdaptiveSizePolicyWeight                 = 90                                        {product} {command line}
     intx CICompilerCount                          = 4                                         {product} {ergonomic}
    uintx GCTimeRatio                              = 4                                         {product} {command line}
     bool HeapDumpOnOutOfMemoryError               = true                                   {manageable} {command line}
    ccstr HeapDumpPath                             = c:\Users\FRESHIVORES\AppData\Roaming\Antigravity\User\workspaceStorage\99ea1349c0294e34c35d1757be59e1f5\redhat.java         {manageable} {command line}
   size_t InitialHeapSize                          = 104857600                                 {product} {command line}
   size_t MaxHeapSize                              = 2147483648                                {product} {command line}
   size_t MaxNewSize                               = 715653120                                 {product} {ergonomic}
   size_t MinHeapDeltaBytes                        = 524288                                    {product} {ergonomic}
   size_t MinHeapSize                              = 104857600                                 {product} {command line}
   size_t NewSize                                  = 34603008                                  {product} {ergonomic}
    uintx NonNMethodCodeHeapSize                   = 5839372                                {pd product} {ergonomic}
    uintx NonProfiledCodeHeapSize                  = 122909434                              {pd product} {ergonomic}
   size_t OldSize                                  = 70254592                                  {product} {ergonomic}
    uintx ProfiledCodeHeapSize                     = 122909434                              {pd product} {ergonomic}
    uintx ReservedCodeCacheSize                    = 251658240                              {pd product} {ergonomic}
     bool SegmentedCodeCache                       = true                                      {product} {ergonomic}
   size_t SoftMaxHeapSize                          = 2147483648                             {manageable} {ergonomic}
     bool UseCompressedOops                        = true                           {product lp64_product} {ergonomic}
     bool UseLargePagesIndividualAllocation        = false                                  {pd product} {ergonomic}
     bool UseParallelGC                            = true                                      {product} {command line}

Logging:
Log output configuration:
 #0: stdout all=off uptime,level,tags foldmultilines=false
 #1: stderr all=off uptime,level,tags foldmultilines=false

Release file:
JAVA_VERSION="21.0.9" 
MODULES="java.base java.compiler java.datatransfer java.xml java.prefs java.desktop java.instrument java.logging java.management java.security.sasl java.naming java.rmi java.management.rmi java.net.http java.scripting java.security.jgss java.transaction.xa java.sql java.sql.rowset java.xml.crypto java.se java.smartcardio jdk.accessibility jdk.internal.jvmstat jdk.attach jdk.charsets jdk.internal.opt jdk.zipfs jdk.compiler jdk.crypto.ec jdk.crypto.cryptoki jdk.crypto.mscapi jdk.dynalink jdk.internal.ed jdk.editpad jdk.hotspot.agent jdk.httpserver jdk.internal.le jdk.internal.vm.ci jdk.internal.vm.compiler jdk.internal.vm.compiler.management jdk.jartool jdk.javadoc jdk.jcmd jdk.management jdk.management.agent jdk.jconsole jdk.jdeps jdk.jdwp.agent jdk.jdi jdk.jfr jdk.jshell jdk.jsobject jdk.jstatd jdk.localedata jdk.management.jfr jdk.naming.dns jdk.naming.rmi jdk.net jdk.nio.mapmode jdk.random jdk.sctp jdk.security.auth jdk.security.jgss jdk.unsupported jdk.unsupported.desktop jdk.xml.dom" 

Environment Variables:
PATH=C:\Program Files\Common Files\Oracle\Java\javapath;C:\WINDOWS\system32;C:\WINDOWS;C:\WINDOWS\System32\Wbem;C:\WINDOWS\System32\WindowsPowerShell\v1.0\;C:\WINDOWS\System32\OpenSSH\;C:\Program Files\Git\cmd;C:\Program Files\nodejs\;C:\Program Files\apache-maven-3.9.11\bin;C:\Program Files\platform-tools;;C:\Program Files\Docker\Docker\resources\bin;C:\Users\FRESHIVORES\AppData\Local\Programs\Python\Python313\Scripts\;C:\Users\FRESHIVORES\AppData\Local\Programs\Python\Python313\;C:\Users\FRESHIVORES\AppData\Local\Programs\Python\Launcher\;C:\Users\FRESHIVORES\AppData\Local\Microsoft\WindowsApps;D:\Qoder\bin;C:\Users\FRESHIVORES\AppData\Roaming\npm;C:\Users\FRESHIVORES\AppData\Local\GitHubDesktop\bin;C:\Program Files\Java;D:\Antigravity\bin;C:\Program Files\apache-maven-3.9.11\bin;
USERNAME=FRESHIVORES
OS=Windows_NT
PROCESSOR_IDENTIFIER=Intel64 Family 6 Model 142 Stepping 12, GenuineIntel
TMP=C:\Users\FRESHI~1\AppData\Local\Temp
TEMP=C:\Users\FRESHI~1\AppData\Local\Temp




Periodic native trim disabled

---------------  S Y S T E M  ---------------

OS:
 Windows 11 , 64 bit Build 26100 (10.0.26100.7309)
OS uptime: 0 days 8:26 hours
Hyper-V role detected

CPU: total 8 (initial active 8) (4 cores per cpu, 2 threads per core) family 6 model 142 stepping 12 microcode 0x100, cx8, cmov, fxsr, ht, mmx, 3dnowpref, sse, sse2, sse3, ssse3, sse4.1, sse4.2, popcnt, lzcnt, tsc, tscinvbit, avx, avx2, aes, erms, clmul, bmi1, bmi2, adx, fma, vzeroupper, clflush, clflushopt, hv, rdtscp, f16c
Processor Information for the first 8 processors :
  Max Mhz: 1896, Current Mhz: 1596, Mhz Limit: 1592

Memory: 4k page, system-wide physical 16198M (1339M free)
TotalPageFile size 35855M (AvailPageFile size 739M)
current process WorkingSet (physical memory assigned to process): 1797M, peak: 1797M
current process commit charge ("private bytes"): 1719M, peak: 1729M

vm_info: OpenJDK 64-Bit Server VM (21.0.9+10-LTS) for windows-amd64 JRE (21.0.9+10-LTS), built on 2025-10-21T00:00:00Z by "admin" with unknown MS VC++:1942

END.
